Using pre-set license
Built from '2022.2/staging' branch; Version is '2022.2.17f1 (54cb9bda89c4) revision 5557147'; Using compiler version '192829333'; Build Type 'Release'
OS: 'Windows 10  (10.0.19045) 64bit Professional' Language: 'es' Physical Memory: 16317 MB
BatchMode: 1, IsHumanControllingUs: 0, StartBugReporterOnCrash: 0, Is64bit: 1, IsPro: 1

COMMAND LINE ARGUMENTS:
C:\Program Files\Unity\Hub\Editor\2022.2.17f1\Editor\Unity.exe
-adb2
-batchMode
-noUpm
-name
AssetImportWorker0
-projectPath
E:/UdemyCourses/CastaTutors/RPG3D_Practicar/RPG3D
-logFile
Logs/AssetImportWorker0.log
-srvPort
13349
Successfully changed project path to: E:/UdemyCourses/CastaTutors/RPG3D_Practicar/RPG3D
E:/UdemyCourses/CastaTutors/RPG3D_Practicar/RPG3D
[UnityMemory] Configuration Parameters - Can be set up in boot.config
    "memorysetup-bucket-allocator-granularity=16"
    "memorysetup-bucket-allocator-bucket-count=8"
    "memorysetup-bucket-allocator-block-size=33554432"
    "memorysetup-bucket-allocator-block-count=8"
    "memorysetup-main-allocator-block-size=16777216"
    "memorysetup-thread-allocator-block-size=16777216"
    "memorysetup-gfx-main-allocator-block-size=16777216"
    "memorysetup-gfx-thread-allocator-block-size=16777216"
    "memorysetup-cache-allocator-block-size=4194304"
    "memorysetup-typetree-allocator-block-size=2097152"
    "memorysetup-profiler-bucket-allocator-granularity=16"
    "memorysetup-profiler-bucket-allocator-bucket-count=8"
    "memorysetup-profiler-bucket-allocator-block-size=33554432"
    "memorysetup-profiler-bucket-allocator-block-count=8"
    "memorysetup-profiler-allocator-block-size=16777216"
    "memorysetup-profiler-editor-allocator-block-size=1048576"
    "memorysetup-temp-allocator-size-main=16777216"
    "memorysetup-job-temp-allocator-block-size=2097152"
    "memorysetup-job-temp-allocator-block-size-background=1048576"
    "memorysetup-job-temp-allocator-reduction-small-platforms=262144"
    "memorysetup-temp-allocator-size-background-worker=32768"
    "memorysetup-temp-allocator-size-job-worker=262144"
    "memorysetup-temp-allocator-size-preload-manager=33554432"
    "memorysetup-temp-allocator-size-nav-mesh-worker=65536"
    "memorysetup-temp-allocator-size-audio-worker=65536"
    "memorysetup-temp-allocator-size-cloud-worker=32768"
    "memorysetup-temp-allocator-size-gi-baking-worker=262144"
    "memorysetup-temp-allocator-size-gfx=262144"
Player connection [17992] Host "[IP] 192.168.1.139 [Port] 0 [Flags] 2 [Guid] 2628814215 [EditorId] 2628814215 [Version] 1048832 [Id] WindowsEditor(7,DESKTOP-31FHBOB) [Debug] 1 [PackageName] WindowsEditor [ProjectName] Editor" joined multi-casting on [225.0.0.222:54997]...

Player connection [17992] Host "[IP] 192.168.1.139 [Port] 0 [Flags] 2 [Guid] 2628814215 [EditorId] 2628814215 [Version] 1048832 [Id] WindowsEditor(7,DESKTOP-31FHBOB) [Debug] 1 [PackageName] WindowsEditor [ProjectName] Editor" joined alternative multi-casting on [225.0.0.222:34997]...

Refreshing native plugins compatible for Editor in 10.80 ms, found 3 plugins.
Preloading 0 native plugins for Editor in 0.00 ms.
Initialize engine version: 2022.2.17f1 (54cb9bda89c4)
[Subsystems] Discovering subsystems at path C:/Program Files/Unity/Hub/Editor/2022.2.17f1/Editor/Data/Resources/UnitySubsystems
[Subsystems] Discovering subsystems at path E:/UdemyCourses/CastaTutors/RPG3D_Practicar/RPG3D/Assets
GfxDevice: creating device client; threaded=0; jobified=0
Direct3D:
    Version:  Direct3D 11.0 [level 11.1]
    Renderer: NVIDIA GeForce GTX 1050 Ti (ID=0x1c82)
    Vendor:   NVIDIA
    VRAM:     4017 MB
    Driver:   31.0.15.4633
Initialize mono
Mono path[0] = 'C:/Program Files/Unity/Hub/Editor/2022.2.17f1/Editor/Data/Managed'
Mono path[1] = 'C:/Program Files/Unity/Hub/Editor/2022.2.17f1/Editor/Data/MonoBleedingEdge/lib/mono/unityjit-win32'
Mono config path = 'C:/Program Files/Unity/Hub/Editor/2022.2.17f1/Editor/Data/MonoBleedingEdge/etc'
Using monoOptions --debugger-agent=transport=dt_socket,embedding=1,server=y,suspend=n,address=127.0.0.1:56416
Begin MonoManager ReloadAssembly
Registering precompiled unity dll's ...
Register platform support module: C:/Program Files/Unity/Hub/Editor/2022.2.17f1/Editor/Data/PlaybackEngines/WebGLSupport/UnityEditor.WebGL.Extensions.dll
Register platform support module: C:/Program Files/Unity/Hub/Editor/2022.2.17f1/Editor/Data/PlaybackEngines/AndroidPlayer/UnityEditor.Android.Extensions.dll
Register platform support module: C:/Program Files/Unity/Hub/Editor/2022.2.17f1/Editor/Data/PlaybackEngines/WindowsStandaloneSupport/UnityEditor.WindowsStandalone.Extensions.dll
Registered in 0.024394 seconds.
- Loaded All Assemblies, in  0.589 seconds
Native extension for WindowsStandalone target not found
Native extension for Android target not found
Android Extension - Scanning For ADB Devices 471 ms
Native extension for WebGL target not found
Mono: successfully reloaded assembly
- Finished resetting the current domain, in  0.909 seconds
Domain Reload Profiling:
	ReloadAssembly (329ms)
		BeginReloadAssembly (148ms)
			ExecutionOrderSort (0ms)
			DisableScriptedObjects (0ms)
			BackupInstance (0ms)
			ReleaseScriptingObjects (0ms)
			CreateAndSetChildDomain (1ms)
		LoadAllAssembliesAndSetupDomain (0ms)
			LoadAssemblies (145ms)
			RebuildTransferFunctionScriptingTraits (0ms)
			SetupTypeCache (242ms)
				TypeCache.Initialize (240ms)
					TypeCache.ScanAssembly (238ms)
				ResolveRequiredComponents (1ms)
		FinalizeReload (0ms)
			ReleaseScriptCaches (0ms)
			RebuildScriptCaches (0ms)
			SetupLoadedEditorAssemblies (813ms)
				LogAssemblyErrors (0ms)
				InitializePlatformSupportModulesInManaged (613ms)
				SetLoadedEditorAssemblies (4ms)
				RefreshPlugins (0ms)
				BeforeProcessingInitializeOnLoad (1ms)
				ProcessInitializeOnLoadAttributes (121ms)
				ProcessInitializeOnLoadMethodAttributes (73ms)
				AfterProcessingInitializeOnLoad (0ms)
				EditorAssembliesLoaded (0ms)
			ExecutionOrderSort2 (0ms)
			AwakeInstancesAfterBackupRestoration (0ms)
========================================================================
Worker process is ready to serve import requests
Begin MonoManager ReloadAssembly
Symbol file LoadedFromMemory doesn't match image E:\UdemyCourses\CastaTutors\RPG3D_Practicar\RPG3D\Library\PackageCache\com.unity.visualscripting@1.8.0\Editor\VisualScripting.Core\Dependencies\YamlDotNet\Unity.VisualScripting.YamlDotNet.dll
Symbol file LoadedFromMemory doesn't match image E:\UdemyCourses\CastaTutors\RPG3D_Practicar\RPG3D\Library\PackageCache\com.unity.visualscripting@1.8.0\Editor\VisualScripting.Core\Dependencies\DotNetZip\Unity.VisualScripting.IonicZip.dll
- Loaded All Assemblies, in  1.191 seconds
Refreshing native plugins compatible for Editor in 2.49 ms, found 3 plugins.
Native extension for WindowsStandalone target not found
Native extension for Android target not found
Native extension for WebGL target not found
Mono: successfully reloaded assembly
- Finished resetting the current domain, in  0.838 seconds
Domain Reload Profiling:
	ReloadAssembly (348ms)
		BeginReloadAssembly (205ms)
			ExecutionOrderSort (0ms)
			DisableScriptedObjects (8ms)
			BackupInstance (0ms)
			ReleaseScriptingObjects (0ms)
			CreateAndSetChildDomain (31ms)
		LoadAllAssembliesAndSetupDomain (839ms)
			LoadAssemblies (422ms)
			RebuildTransferFunctionScriptingTraits (0ms)
			SetupTypeCache (520ms)
				TypeCache.Initialize (487ms)
					TypeCache.ScanAssembly (479ms)
				ResolveRequiredComponents (8ms)
		FinalizeReload (0ms)
			ReleaseScriptCaches (0ms)
			RebuildScriptCaches (0ms)
			SetupLoadedEditorAssemblies (593ms)
				LogAssemblyErrors (0ms)
				InitializePlatformSupportModulesInManaged (38ms)
				SetLoadedEditorAssemblies (5ms)
				RefreshPlugins (0ms)
				BeforeProcessingInitializeOnLoad (88ms)
				ProcessInitializeOnLoadAttributes (415ms)
				ProcessInitializeOnLoadMethodAttributes (30ms)
				AfterProcessingInitializeOnLoad (16ms)
				EditorAssembliesLoaded (0ms)
			ExecutionOrderSort2 (0ms)
			AwakeInstancesAfterBackupRestoration (11ms)
Launched and connected shader compiler UnityShaderCompiler.exe after 0.08 seconds
Refreshing native plugins compatible for Editor in 3.53 ms, found 3 plugins.
Preloading 0 native plugins for Editor in 0.00 ms.
Unloading 3263 Unused Serialized files (Serialized files now loaded: 0)
Unloading 44 unused Assets / (139.7 KB). Loaded Objects now: 3728.
Memory consumption went from 118.3 MB to 118.2 MB.
Total: 4.544000 ms (FindLiveObjects: 0.700400 ms CreateObjectMapping: 0.337000 ms MarkObjects: 3.325000 ms  DeleteObjects: 0.180200 ms)

AssetImportParameters requested are different than current active one (requested -> active):
  custom:container-demuxer-ogg: 62fdf1f143b41e24485cea50d1cbac27 -> 
  custom:video-decoder-ogg-theora: a1e56fd34408186e4bbccfd4996cb3dc -> 
  custom:framework-win-MediaFoundation: 216162199b28c13a410421893ffa2e32 -> 
  custom:container-demuxer-webm: 4f35f7cbe854078d1ac9338744f61a02 -> 
  custom:container-muxer-webm: aa71ff27fc2769a1b78a27578f13a17b -> 
  custom:video-decoder-webm-vp8: 9c59270c3fd7afecdb556c50c9e8de78 -> 
  custom:AudioImporter_EditorPlatform: d09bf68614088b80899f8185d706f6e7 -> 
  custom:video-encoder-webm-vp8: eb34c28f22e8b96e1ab97ce403110664 -> 
  custom:audio-decoder-ogg-vorbis: bf7c407c2cedff20999df2af8eb42d56 -> 
  custom:audio-encoder-webm-vorbis: bf7c407c2cedff20999df2af8eb42d56 -> 
========================================================================
Received Import Request.
  Time since last request: 307118.811796 seconds.
  path: Assets/Player ExplosiveLLC/RPG Character Animations/Materials/RPG-Character.mat
  artifactKey: Guid(ad8c2bee857aaca4dbcf348b7e988a44) Importer(815301076,1909f56bfc062723c751e8b465ee728b)
Start importing Assets/Player ExplosiveLLC/RPG Character Animations/Materials/RPG-Character.mat using Guid(ad8c2bee857aaca4dbcf348b7e988a44) Importer(815301076,1909f56bfc062723c751e8b465ee728b)  -> (artifact id: '19d7a1b9a257d38523920b23f1a9e7c0') in 0.431562 seconds
Number of updated asset objects reloaded before import = 0
Number of asset objects unloaded after import = 2
========================================================================
Received Import Request.
  Time since last request: 0.000028 seconds.
  path: Assets/Player ExplosiveLLC/RPG Character Animations/Prefabs/RPG-Character.prefab
  artifactKey: Guid(b1cc94d26cd016d479aa5b522d88da0a) Importer(815301076,1909f56bfc062723c751e8b465ee728b)
Start importing Assets/Player ExplosiveLLC/RPG Character Animations/Prefabs/RPG-Character.prefab using Guid(b1cc94d26cd016d479aa5b522d88da0a) Importer(815301076,1909f56bfc062723c751e8b465ee728b) Asset 'RPG-Character-Animation-Controller': Transition 'Blend Tree -> Exit' in state 'Blend Tree' doesn't have an Exit Time or any condition, transition will be ignored
UnityEngine.StackTraceUtility:ExtractStackTrace ()
UnityEditor.EditorUtility:Internal_InstantiateRemoveAllNonAnimationComponentsSingle (UnityEngine.Object,UnityEngine.Vector3,UnityEngine.Quaternion)
UnityEditor.EditorUtility:InstantiateRemoveAllNonAnimationComponents (UnityEngine.Object,UnityEngine.Vector3,UnityEngine.Quaternion)
UnityEditor.EditorUtility:InstantiateForAnimatorPreview (UnityEngine.Object)
UnityEditor.GameObjectInspector/PreviewData:UpdateGameObject (UnityEngine.Object)
UnityEditor.GameObjectInspector/PreviewData:.ctor (UnityEngine.Object,bool)
UnityEditor.GameObjectInspector:GetPreviewData (bool)
UnityEditor.GameObjectInspector:RenderStaticPreview (string,UnityEngine.Object[],int,int)
UnityEditor.AssetPreviewUpdater:CreatePreview (UnityEngine.Object,UnityEngine.Object[],string,int,int)
UnityEditor.AssetPreviewUpdater:CreatePreviewForAsset (UnityEngine.Object,UnityEngine.Object[],string)

[C:\build\output\unity\unity\Editor\Src\Animation\StateMachine.cpp line 1841]

 -> (artifact id: 'f2f59a4fbd724347e98152048929bd46') in 0.219595 seconds
Internal: There are remaining Allocations on the JobTempAlloc. This is a leak, and will impact performance
To Debug, run app with -diag-job-temp-memory-leak-validation cmd line argument. This will output the callstacks of the leaked allocations.
Number of updated asset objects reloaded before import = 0
Number of asset objects unloaded after import = 407
========================================================================
Received Import Request.
  Time since last request: 0.000033 seconds.
  path: Assets/Player ExplosiveLLC/RPG Character Animations/Models/Weapons/Shield.FBX
  artifactKey: Guid(212f1e39faa16df4fad05922a8faca54) Importer(815301076,1909f56bfc062723c751e8b465ee728b)
Start importing Assets/Player ExplosiveLLC/RPG Character Animations/Models/Weapons/Shield.FBX using Guid(212f1e39faa16df4fad05922a8faca54) Importer(815301076,1909f56bfc062723c751e8b465ee728b)  -> (artifact id: '7e94ea3b87462c73e99799aaa61ad76f') in 0.377376 seconds
Internal: There are remaining Allocations on the JobTempAlloc. This is a leak, and will impact performance
To Debug, run app with -diag-job-temp-memory-leak-validation cmd line argument. This will output the callstacks of the leaked allocations.
Number of updated asset objects reloaded before import = 0
Number of asset objects unloaded after import = 7
========================================================================
Received Import Request.
  Time since last request: 0.000034 seconds.
  path: Assets/Player ExplosiveLLC/RPG Character Animations/Models/Weapons/Sword.FBX
  artifactKey: Guid(9d8cbe7d7c34ac442baea6cd0ea39cd0) Importer(815301076,1909f56bfc062723c751e8b465ee728b)
Start importing Assets/Player ExplosiveLLC/RPG Character Animations/Models/Weapons/Sword.FBX using Guid(9d8cbe7d7c34ac442baea6cd0ea39cd0) Importer(815301076,1909f56bfc062723c751e8b465ee728b)  -> (artifact id: '279586939608201b69be8ba21387b16d') in 0.026474 seconds
Internal: There are remaining Allocations on the JobTempAlloc. This is a leak, and will impact performance
To Debug, run app with -diag-job-temp-memory-leak-validation cmd line argument. This will output the callstacks of the leaked allocations.
Number of updated asset objects reloaded before import = 0
Number of asset objects unloaded after import = 7
========================================================================
Received Import Request.
  Time since last request: 0.000032 seconds.
  path: Assets/Player ExplosiveLLC/RPG Character Animations/Models/Weapons/2Hand-Crossbow.FBX
  artifactKey: Guid(e3d9871955835774ea6a0dbddcdc937b) Importer(815301076,1909f56bfc062723c751e8b465ee728b)
Start importing Assets/Player ExplosiveLLC/RPG Character Animations/Models/Weapons/2Hand-Crossbow.FBX using Guid(e3d9871955835774ea6a0dbddcdc937b) Importer(815301076,1909f56bfc062723c751e8b465ee728b)  -> (artifact id: '85f2044c4aeae4ea972b30d6f29dc465') in 0.026361 seconds
Internal: There are remaining Allocations on the JobTempAlloc. This is a leak, and will impact performance
To Debug, run app with -diag-job-temp-memory-leak-validation cmd line argument. This will output the callstacks of the leaked allocations.
Number of updated asset objects reloaded before import = 0
Number of asset objects unloaded after import = 7
========================================================================
Received Import Request.
  Time since last request: 18.954766 seconds.
  path: Assets/Enemies/SkeletonOutlaw/Prefabs/SkeletonOutlaw_Armor - LOD0.prefab
  artifactKey: Guid(cbba07a6ac8fd9648a0ee26df90297e9) Importer(815301076,1909f56bfc062723c751e8b465ee728b)
Start importing Assets/Enemies/SkeletonOutlaw/Prefabs/SkeletonOutlaw_Armor - LOD0.prefab using Guid(cbba07a6ac8fd9648a0ee26df90297e9) Importer(815301076,1909f56bfc062723c751e8b465ee728b)  -> (artifact id: '84c6abbe3f6436e282df7474741979d7') in 0.239364 seconds
Internal: There are remaining Allocations on the JobTempAlloc. This is a leak, and will impact performance
To Debug, run app with -diag-job-temp-memory-leak-validation cmd line argument. This will output the callstacks of the leaked allocations.
Number of updated asset objects reloaded before import = 0
Number of asset objects unloaded after import = 221
========================================================================
Received Import Request.
  Time since last request: 0.000027 seconds.
  path: Assets/Enemies/SkeletonOutlaw/Prefabs/SkeletonOutlaw_NoArmor - LOD0.prefab
  artifactKey: Guid(46ed63af97cc2db47b121fc1b2cc6bf0) Importer(815301076,1909f56bfc062723c751e8b465ee728b)
Start importing Assets/Enemies/SkeletonOutlaw/Prefabs/SkeletonOutlaw_NoArmor - LOD0.prefab using Guid(46ed63af97cc2db47b121fc1b2cc6bf0) Importer(815301076,1909f56bfc062723c751e8b465ee728b)  -> (artifact id: '92f53b171a9c4f36117dd20f3f4351d4') in 0.045164 seconds
Internal: There are remaining Allocations on the JobTempAlloc. This is a leak, and will impact performance
To Debug, run app with -diag-job-temp-memory-leak-validation cmd line argument. This will output the callstacks of the leaked allocations.
Number of updated asset objects reloaded before import = 0
Number of asset objects unloaded after import = 205
========================================================================
Received Import Request.
  Time since last request: 25.938244 seconds.
  path: Assets/Enemies/SkeletonOutlaw/Animations/SkeletonOutlaw@Attack00.fbx
  artifactKey: Guid(2a2ff845dd4f08a4b9f16004cdac1005) Importer(815301076,1909f56bfc062723c751e8b465ee728b)
Start importing Assets/Enemies/SkeletonOutlaw/Animations/SkeletonOutlaw@Attack00.fbx using Guid(2a2ff845dd4f08a4b9f16004cdac1005) Importer(815301076,1909f56bfc062723c751e8b465ee728b)  -> (artifact id: '031948994bca432adaf099f456f2a833') in 0.005280 seconds
Internal: JobTempAlloc has allocations that are more than the maximum lifespan of 4 frames old - this is not allowed and likely a leak
To Debug, run app with -diag-job-temp-memory-leak-validation cmd line argument. This will output the callstacks of the leaked allocations.
Internal: There are remaining Allocations on the JobTempAlloc. This is a leak, and will impact performance
To Debug, run app with -diag-job-temp-memory-leak-validation cmd line argument. This will output the callstacks of the leaked allocations.
Number of updated asset objects reloaded before import = 0
Number of asset objects unloaded after import = 141
========================================================================
Received Import Request.
  Time since last request: 1.302664 seconds.
  path: Assets/Enemies/SkeletonOutlaw/Animations/SkeletonOutlaw@Damage00.fbx
  artifactKey: Guid(e263228e6d15f8e4c91604a4e0af284d) Importer(815301076,1909f56bfc062723c751e8b465ee728b)
Start importing Assets/Enemies/SkeletonOutlaw/Animations/SkeletonOutlaw@Damage00.fbx using Guid(e263228e6d15f8e4c91604a4e0af284d) Importer(815301076,1909f56bfc062723c751e8b465ee728b)  -> (artifact id: '6ba5f169074efc831b5a7e27e579f5ed') in 0.005005 seconds
Internal: There are remaining Allocations on the JobTempAlloc. This is a leak, and will impact performance
To Debug, run app with -diag-job-temp-memory-leak-validation cmd line argument. This will output the callstacks of the leaked allocations.
Number of updated asset objects reloaded before import = 0
Number of asset objects unloaded after import = 141
========================================================================
Received Import Request.
  Time since last request: 0.406806 seconds.
  path: Assets/Enemies/SkeletonOutlaw/Animations/SkeletonOutlaw@Attack02.fbx
  artifactKey: Guid(fc79cd7f43dd8cf48938a30b51b7bf89) Importer(815301076,1909f56bfc062723c751e8b465ee728b)
Start importing Assets/Enemies/SkeletonOutlaw/Animations/SkeletonOutlaw@Attack02.fbx using Guid(fc79cd7f43dd8cf48938a30b51b7bf89) Importer(815301076,1909f56bfc062723c751e8b465ee728b)  -> (artifact id: '08f569cf19e589c225a86e9d0a30137f') in 0.008023 seconds
Internal: There are remaining Allocations on the JobTempAlloc. This is a leak, and will impact performance
To Debug, run app with -diag-job-temp-memory-leak-validation cmd line argument. This will output the callstacks of the leaked allocations.
Number of updated asset objects reloaded before import = 0
Number of asset objects unloaded after import = 141
========================================================================
Received Import Request.
  Time since last request: 0.331829 seconds.
  path: Assets/Enemies/SkeletonOutlaw/Animations/SkeletonOutlaw@Attack01.fbx
  artifactKey: Guid(c588282f31b310f45b1c08e2159fe749) Importer(815301076,1909f56bfc062723c751e8b465ee728b)
Start importing Assets/Enemies/SkeletonOutlaw/Animations/SkeletonOutlaw@Attack01.fbx using Guid(c588282f31b310f45b1c08e2159fe749) Importer(815301076,1909f56bfc062723c751e8b465ee728b)  -> (artifact id: 'b0ecfb693079a921f5e6b6b963b67a2c') in 0.006170 seconds
Internal: There are remaining Allocations on the JobTempAlloc. This is a leak, and will impact performance
To Debug, run app with -diag-job-temp-memory-leak-validation cmd line argument. This will output the callstacks of the leaked allocations.
Number of updated asset objects reloaded before import = 0
Number of asset objects unloaded after import = 141
========================================================================
Received Import Request.
  Time since last request: 67.060326 seconds.
  path: Assets/JMO Assets/Cartoon FX Remaster/CFXR Assets/Graphics/cfxr spikes impact mesh.asset
  artifactKey: Guid(928806a91d0b01541aa11e36bb755ab7) Importer(815301076,1909f56bfc062723c751e8b465ee728b)
Start importing Assets/JMO Assets/Cartoon FX Remaster/CFXR Assets/Graphics/cfxr spikes impact mesh.asset using Guid(928806a91d0b01541aa11e36bb755ab7) Importer(815301076,1909f56bfc062723c751e8b465ee728b)  -> (artifact id: 'b3ece2c3f9ce081e60968e1d824c8efb') in 0.016185 seconds
Internal: There are remaining Allocations on the JobTempAlloc. This is a leak, and will impact performance
To Debug, run app with -diag-job-temp-memory-leak-validation cmd line argument. This will output the callstacks of the leaked allocations.
Number of updated asset objects reloaded before import = 0
Number of asset objects unloaded after import = 2
